# JRE version: Java(TM) SE Runtime Environment (14.0+36) (build 14+36-1461)
# Java VM: Java HotSpot(TM) 64-Bit Server VM (14+36-1461, mixed mode, sharing, tiered, compressed oops, g1 gc, windows-amd64)
Heap:
 garbage-first heap   total 375808K, used 3024K [0x00000000c0000000, 0x0000000100000000)
  region size 1024K, 1 young (1024K), 1 survivors (1024K)
 Metaspace       used 932K, capacity 4607K, committed 4864K, reserved 1056768K
  class space    used 90K, capacity 406K, committed 512K, reserved 1048576K
GC Heap History (20 events):
Event: 0.267 GC heap after
{Heap after GC invocations=7 (full 0):
 garbage-first heap   total 99328K, used 2944K [0x00000000c0000000, 0x0000000100000000)
  region size 1024K, 2 young (2048K), 2 survivors (2048K)
 Metaspace       used 932K, capacity 4607K, committed 4864K, reserved 1056768K
  class space    used 90K, capacity 406K, committed 512K, reserved 1048576K
}
Event: 0.280 GC heap before
{Heap before GC invocations=7 (full 0):
 garbage-first heap   total 99328K, used 59264K [0x00000000c0000000, 0x0000000100000000)
  region size 1024K, 58 young (59392K), 2 survivors (2048K)
 Metaspace       used 932K, capacity 4607K, committed 4864K, reserved 1056768K
  class space    used 90K, capacity 406K, committed 512K, reserved 1048576K
}
Event: 0.282 GC heap after
{Heap after GC invocations=8 (full 0):
 garbage-first heap   total 99328K, used 3068K [0x00000000c0000000, 0x0000000100000000)
  region size 1024K, 2 young (2048K), 2 survivors (2048K)
 Metaspace       used 932K, capacity 4607K, committed 4864K, reserved 1056768K
  class space    used 90K, capacity 406K, committed 512K, reserved 1048576K
}
Event: 0.294 GC heap before
{Heap before GC invocations=8 (full 0):
 garbage-first heap   total 99328K, used 59388K [0x00000000c0000000, 0x0000000100000000)
  region size 1024K, 58 young (59392K), 2 survivors (2048K)
 Metaspace       used 932K, capacity 4607K, committed 4864K, reserved 1056768K
  class space    used 90K, capacity 406K, committed 512K, reserved 1048576K
}
Event: 0.296 GC heap after
{Heap after GC invocations=9 (full 0):
 garbage-first heap   total 167936K, used 3039K [0x00000000c0000000, 0x0000000100000000)
  region size 1024K, 2 young (2048K), 2 survivors (2048K)
 Metaspace       used 932K, capacity 4607K, committed 4864K, reserved 1056768K
  class space    used 90K, capacity 406K, committed 512K, reserved 1048576K
}
Event: 0.337 GC heap before
{Heap before GC invocations=9 (full 0):
 garbage-first heap   total 167936K, used 100319K [0x00000000c0000000, 0x0000000100000000)
  region size 1024K, 98 young (100352K), 2 survivors (2048K)
 Metaspace       used 932K, capacity 4607K, committed 4864K, reserved 1056768K
  class space    used 90K, capacity 406K, committed 512K, reserved 1048576K
}
Event: 0.339 GC heap after
{Heap after GC invocations=10 (full 0):
 garbage-first heap   total 167936K, used 3047K [0x00000000c0000000, 0x0000000100000000)
  region size 1024K, 2 young (2048K), 2 survivors (2048K)
 Metaspace       used 932K, capacity 4607K, committed 4864K, reserved 1056768K
  class space    used 90K, capacity 406K, committed 512K, reserved 1048576K
}
Event: 0.359 GC heap before
{Heap before GC invocations=10 (full 0):
 garbage-first heap   total 167936K, used 100327K [0x00000000c0000000, 0x0000000100000000)
  region size 1024K, 98 young (100352K), 2 survivors (2048K)
 Metaspace       used 932K, capacity 4607K, committed 4864K, reserved 1056768K
  class space    used 90K, capacity 406K, committed 512K, reserved 1048576K
}
Event: 0.361 GC heap after
{Heap after GC invocations=11 (full 0):
 garbage-first heap   total 167936K, used 3072K [0x00000000c0000000, 0x0000000100000000)
  region size 1024K, 2 young (2048K), 2 survivors (2048K)
 Metaspace       used 932K, capacity 4607K, committed 4864K, reserved 1056768K
  class space    used 90K, capacity 406K, committed 512K, reserved 1048576K
}
Event: 0.381 GC heap before
{Heap before GC invocations=11 (full 0):
 garbage-first heap   total 167936K, used 100352K [0x00000000c0000000, 0x0000000100000000)
  region size 1024K, 98 young (100352K), 2 survivors (2048K)
 Metaspace       used 932K, capacity 4607K, committed 4864K, reserved 1056768K
  class space    used 90K, capacity 406K, committed 512K, reserved 1048576K
}
Event: 0.382 GC heap after
{Heap after GC invocations=12 (full 0):
 garbage-first heap   total 167936K, used 3041K [0x00000000c0000000, 0x0000000100000000)
  region size 1024K, 2 young (2048K), 2 survivors (2048K)
 Metaspace       used 932K, capacity 4607K, committed 4864K, reserved 1056768K
  class space    used 90K, capacity 406K, committed 512K, reserved 1048576K
}
Event: 0.403 GC heap before
{Heap before GC invocations=12 (full 0):
 garbage-first heap   total 167936K, used 100321K [0x00000000c0000000, 0x0000000100000000)
  region size 1024K, 98 young (100352K), 2 survivors (2048K)
 Metaspace       used 932K, capacity 4607K, committed 4864K, reserved 1056768K
  class space    used 90K, capacity 406K, committed 512K, reserved 1048576K
}
Event: 0.407 GC heap after
{Heap after GC invocations=13 (full 0):
 garbage-first heap   total 297984K, used 3072K [0x00000000c0000000, 0x0000000100000000)
  region size 1024K, 2 young (2048K), 2 survivors (2048K)
 Metaspace       used 932K, capacity 4607K, committed 4864K, reserved 1056768K
  class space    used 90K, capacity 406K, committed 512K, reserved 1048576K
}
Event: 0.493 GC heap before
{Heap before GC invocations=13 (full 0):
 garbage-first heap   total 297984K, used 178176K [0x00000000c0000000, 0x0000000100000000)
  region size 1024K, 174 young (178176K), 2 survivors (2048K)
 Metaspace       used 932K, capacity 4607K, committed 4864K, reserved 1056768K
  class space    used 90K, capacity 406K, committed 512K, reserved 1048576K
}
Event: 0.495 GC heap after
{Heap after GC invocations=14 (full 0):
 garbage-first heap   total 297984K, used 3040K [0x00000000c0000000, 0x0000000100000000)
  region size 1024K, 2 young (2048K), 2 survivors (2048K)
 Metaspace       used 932K, capacity 4607K, committed 4864K, reserved 1056768K
  class space    used 90K, capacity 406K, committed 512K, reserved 1048576K
}
Event: 0.533 GC heap before
{Heap before GC invocations=14 (full 0):
 garbage-first heap   total 297984K, used 178144K [0x00000000c0000000, 0x0000000100000000)
  region size 1024K, 174 young (178176K), 2 survivors (2048K)
 Metaspace       used 932K, capacity 4607K, committed 4864K, reserved 1056768K
  class space    used 90K, capacity 406K, committed 512K, reserved 1048576K
}
Event: 0.534 GC heap after
{Heap after GC invocations=15 (full 0):
 garbage-first heap   total 297984K, used 3011K [0x00000000c0000000, 0x0000000100000000)
  region size 1024K, 2 young (2048K), 2 survivors (2048K)
 Metaspace       used 932K, capacity 4607K, committed 4864K, reserved 1056768K
  class space    used 90K, capacity 406K, committed 512K, reserved 1048576K
}
Event: 0.569 GC heap before
{Heap before GC invocations=15 (full 0):
 garbage-first heap   total 297984K, used 178115K [0x00000000c0000000, 0x0000000100000000)
  region size 1024K, 174 young (178176K), 2 survivors (2048K)
 Metaspace       used 932K, capacity 4607K, committed 4864K, reserved 1056768K
  class space    used 90K, capacity 406K, committed 512K, reserved 1048576K
}
Event: 0.571 GC heap after
{Heap after GC invocations=16 (full 0):
 garbage-first heap   total 297984K, used 3017K [0x00000000c0000000, 0x0000000100000000)
  region size 1024K, 1 young (1024K), 1 survivors (1024K)
 Metaspace       used 932K, capacity 4607K, committed 4864K, reserved 1056768K
  class space    used 90K, capacity 406K, committed 512K, reserved 1048576K
}
Event: 0.612 GC heap before
{Heap before GC invocations=16 (full 0):
 garbage-first heap   total 297984K, used 179145K [0x00000000c0000000, 0x0000000100000000)
  region size 1024K, 174 young (178176K), 1 survivors (1024K)
 Metaspace       used 932K, capacity 4607K, committed 4864K, reserved 1056768K
  class space    used 90K, capacity 406K, committed 512K, reserved 1048576K
}

