# JRE version: Java(TM) SE Runtime Environment (14.0+36) (build 14+36-1461)
# Java VM: Java HotSpot(TM) 64-Bit Server VM (14+36-1461, mixed mode, sharing, tiered, compressed oops, g1 gc, windows-amd64)
Heap:
 garbage-first heap   total 535552K, used 526658K [0x00000000c0000000, 0x0000000100000000)
  region size 1024K, 0 young (0K), 0 survivors (0K)
 Metaspace       used 1162K, capacity 4629K, committed 4864K, reserved 1056768K
  class space    used 108K, capacity 412K, committed 512K, reserved 1048576K
GC Heap History (20 events):
Event: 3.228 GC heap before
{Heap before GC invocations=866 (full 0):
 garbage-first heap   total 89088K, used 35138K [0x00000000c0000000, 0x0000000100000000)
  region size 1024K, 0 young (0K), 0 survivors (0K)
 Metaspace       used 1162K, capacity 4629K, committed 4864K, reserved 1056768K
  class space    used 108K, capacity 412K, committed 512K, reserved 1048576K
}
Event: 3.228 GC heap after
{Heap after GC invocations=867 (full 0):
 garbage-first heap   total 89088K, used 10562K [0x00000000c0000000, 0x0000000100000000)
  region size 1024K, 0 young (0K), 0 survivors (0K)
 Metaspace       used 1162K, capacity 4629K, committed 4864K, reserved 1056768K
  class space    used 108K, capacity 412K, committed 512K, reserved 1048576K
}
Event: 3.235 GC heap before
{Heap before GC invocations=868 (full 0):
 garbage-first heap   total 89088K, used 35138K [0x00000000c0000000, 0x0000000100000000)
  region size 1024K, 0 young (0K), 0 survivors (0K)
 Metaspace       used 1162K, capacity 4629K, committed 4864K, reserved 1056768K
  class space    used 108K, capacity 412K, committed 512K, reserved 1048576K
}
Event: 3.237 GC heap after
{Heap after GC invocations=869 (full 0):
 garbage-first heap   total 178176K, used 10562K [0x00000000c0000000, 0x0000000100000000)
  region size 1024K, 0 young (0K), 0 survivors (0K)
 Metaspace       used 1162K, capacity 4629K, committed 4864K, reserved 1056768K
  class space    used 108K, capacity 412K, committed 512K, reserved 1048576K
}
Event: 3.246 GC heap before
{Heap before GC invocations=870 (full 0):
 garbage-first heap   total 89088K, used 35138K [0x00000000c0000000, 0x0000000100000000)
  region size 1024K, 0 young (0K), 0 survivors (0K)
 Metaspace       used 1162K, capacity 4629K, committed 4864K, reserved 1056768K
  class space    used 108K, capacity 412K, committed 512K, reserved 1048576K
}
Event: 3.247 GC heap after
{Heap after GC invocations=871 (full 0):
 garbage-first heap   total 89088K, used 10562K [0x00000000c0000000, 0x0000000100000000)
  region size 1024K, 0 young (0K), 0 survivors (0K)
 Metaspace       used 1162K, capacity 4629K, committed 4864K, reserved 1056768K
  class space    used 108K, capacity 412K, committed 512K, reserved 1048576K
}
Event: 3.255 GC heap before
{Heap before GC invocations=872 (full 0):
 garbage-first heap   total 78848K, used 32066K [0x00000000c0000000, 0x0000000100000000)
  region size 1024K, 0 young (0K), 0 survivors (0K)
 Metaspace       used 1162K, capacity 4629K, committed 4864K, reserved 1056768K
  class space    used 108K, capacity 412K, committed 512K, reserved 1048576K
}
Event: 3.256 GC heap after
{Heap after GC invocations=873 (full 0):
 garbage-first heap   total 78848K, used 10562K [0x00000000c0000000, 0x0000000100000000)
  region size 1024K, 0 young (0K), 0 survivors (0K)
 Metaspace       used 1162K, capacity 4629K, committed 4864K, reserved 1056768K
  class space    used 108K, capacity 412K, committed 512K, reserved 1048576K
}
Event: 3.263 GC heap before
{Heap before GC invocations=874 (full 0):
 garbage-first heap   total 78848K, used 32066K [0x00000000c0000000, 0x0000000100000000)
  region size 1024K, 0 young (0K), 0 survivors (0K)
 Metaspace       used 1162K, capacity 4629K, committed 4864K, reserved 1056768K
  class space    used 108K, capacity 412K, committed 512K, reserved 1048576K
}
Event: 3.263 GC heap after
{Heap after GC invocations=875 (full 0):
 garbage-first heap   total 78848K, used 10562K [0x00000000c0000000, 0x0000000100000000)
  region size 1024K, 0 young (0K), 0 survivors (0K)
 Metaspace       used 1162K, capacity 4629K, committed 4864K, reserved 1056768K
  class space    used 108K, capacity 412K, committed 512K, reserved 1048576K
}
Event: 3.269 GC heap before
{Heap before GC invocations=876 (full 0):
 garbage-first heap   total 78848K, used 32066K [0x00000000c0000000, 0x0000000100000000)
  region size 1024K, 0 young (0K), 0 survivors (0K)
 Metaspace       used 1162K, capacity 4629K, committed 4864K, reserved 1056768K
  class space    used 108K, capacity 412K, committed 512K, reserved 1048576K
}
Event: 3.271 GC heap after
{Heap after GC invocations=877 (full 0):
 garbage-first heap   total 157696K, used 10562K [0x00000000c0000000, 0x0000000100000000)
  region size 1024K, 0 young (0K), 0 survivors (0K)
 Metaspace       used 1162K, capacity 4629K, committed 4864K, reserved 1056768K
  class space    used 108K, capacity 412K, committed 512K, reserved 1048576K
}
Event: 3.283 GC heap before
{Heap before GC invocations=878 (full 0):
 garbage-first heap   total 99328K, used 41282K [0x00000000c0000000, 0x0000000100000000)
  region size 1024K, 0 young (0K), 0 survivors (0K)
 Metaspace       used 1162K, capacity 4629K, committed 4864K, reserved 1056768K
  class space    used 108K, capacity 412K, committed 512K, reserved 1048576K
}
Event: 3.283 GC heap after
{Heap after GC invocations=879 (full 0):
 garbage-first heap   total 99328K, used 10562K [0x00000000c0000000, 0x0000000100000000)
  region size 1024K, 0 young (0K), 0 survivors (0K)
 Metaspace       used 1162K, capacity 4629K, committed 4864K, reserved 1056768K
  class space    used 108K, capacity 412K, committed 512K, reserved 1048576K
}
Event: 3.292 GC heap before
{Heap before GC invocations=880 (full 0):
 garbage-first heap   total 89088K, used 35138K [0x00000000c0000000, 0x0000000100000000)
  region size 1024K, 0 young (0K), 0 survivors (0K)
 Metaspace       used 1162K, capacity 4629K, committed 4864K, reserved 1056768K
  class space    used 108K, capacity 412K, committed 512K, reserved 1048576K
}
Event: 3.292 GC heap after
{Heap after GC invocations=881 (full 0):
 garbage-first heap   total 89088K, used 10562K [0x00000000c0000000, 0x0000000100000000)
  region size 1024K, 0 young (0K), 0 survivors (0K)
 Metaspace       used 1162K, capacity 4629K, committed 4864K, reserved 1056768K
  class space    used 108K, capacity 412K, committed 512K, reserved 1048576K
}
Event: 3.301 GC heap before
{Heap before GC invocations=882 (full 0):
 garbage-first heap   total 89088K, used 35138K [0x00000000c0000000, 0x0000000100000000)
  region size 1024K, 0 young (0K), 0 survivors (0K)
 Metaspace       used 1162K, capacity 4629K, committed 4864K, reserved 1056768K
  class space    used 108K, capacity 412K, committed 512K, reserved 1048576K
}
Event: 3.301 GC heap after
{Heap after GC invocations=883 (full 0):
 garbage-first heap   total 89088K, used 10562K [0x00000000c0000000, 0x0000000100000000)
  region size 1024K, 0 young (0K), 0 survivors (0K)
 Metaspace       used 1162K, capacity 4629K, committed 4864K, reserved 1056768K
  class space    used 108K, capacity 412K, committed 512K, reserved 1048576K
}
Event: 3.310 GC heap before
{Heap before GC invocations=884 (full 0):
 garbage-first heap   total 78848K, used 32066K [0x00000000c0000000, 0x0000000100000000)
  region size 1024K, 0 young (0K), 0 survivors (0K)
 Metaspace       used 1162K, capacity 4629K, committed 4864K, reserved 1056768K
  class space    used 108K, capacity 412K, committed 512K, reserved 1048576K
}
Event: 3.311 GC heap after
{Heap after GC invocations=885 (full 0):
 garbage-first heap   total 149504K, used 10562K [0x00000000c0000000, 0x0000000100000000)
  region size 1024K, 0 young (0K), 0 survivors (0K)
 Metaspace       used 1162K, capacity 4629K, committed 4864K, reserved 1056768K
  class space    used 108K, capacity 412K, committed 512K, reserved 1048576K
}

