# JRE version: Java(TM) SE Runtime Environment (14.0+36) (build 14+36-1461)
# Java VM: Java HotSpot(TM) 64-Bit Server VM (14+36-1461, mixed mode, sharing, tiered, compressed oops, g1 gc, windows-amd64)
Heap:
 garbage-first heap   total 710656K, used 460288K [0x00000000c0000000, 0x0000000100000000)
  region size 1024K, 3 young (3072K), 3 survivors (3072K)
 Metaspace       used 1369K, capacity 4677K, committed 4864K, reserved 1056768K
  class space    used 131K, capacity 431K, committed 512K, reserved 1048576K
GC Heap History (20 events):
Event: 0.360 GC heap after
{Heap after GC invocations=3 (full 0):
 garbage-first heap   total 65536K, used 51200K [0x00000000c0000000, 0x0000000100000000)
  region size 1024K, 1 young (1024K), 1 survivors (1024K)
 Metaspace       used 1223K, capacity 4666K, committed 4864K, reserved 1056768K
  class space    used 119K, capacity 426K, committed 512K, reserved 1048576K
}
Event: 0.362 GC heap before
{Heap before GC invocations=3 (full 0):
 garbage-first heap   total 65536K, used 53248K [0x00000000c0000000, 0x0000000100000000)
  region size 1024K, 3 young (3072K), 1 survivors (1024K)
 Metaspace       used 1223K, capacity 4666K, committed 4864K, reserved 1056768K
  class space    used 119K, capacity 426K, committed 512K, reserved 1048576K
}
Event: 0.368 GC heap after
{Heap after GC invocations=4 (full 0):
 garbage-first heap   total 65536K, used 53710K [0x00000000c0000000, 0x0000000100000000)
  region size 1024K, 1 young (1024K), 1 survivors (1024K)
 Metaspace       used 1223K, capacity 4666K, committed 4864K, reserved 1056768K
  class space    used 119K, capacity 426K, committed 512K, reserved 1048576K
}
Event: 0.370 GC heap before
{Heap before GC invocations=4 (full 0):
 garbage-first heap   total 65536K, used 55758K [0x00000000c0000000, 0x0000000100000000)
  region size 1024K, 3 young (3072K), 1 survivors (1024K)
 Metaspace       used 1223K, capacity 4666K, committed 4864K, reserved 1056768K
  class space    used 119K, capacity 426K, committed 512K, reserved 1048576K
}
Event: 0.378 GC heap after
{Heap after GC invocations=5 (full 0):
 garbage-first heap   total 157696K, used 55830K [0x00000000c0000000, 0x0000000100000000)
  region size 1024K, 1 young (1024K), 1 survivors (1024K)
 Metaspace       used 1223K, capacity 4666K, committed 4864K, reserved 1056768K
  class space    used 119K, capacity 426K, committed 512K, reserved 1048576K
}
Event: 0.448 GC heap before
{Heap before GC invocations=5 (full 0):
 garbage-first heap   total 157696K, used 97814K [0x00000000c0000000, 0x0000000100000000)
  region size 1024K, 26 young (26624K), 1 survivors (1024K)
 Metaspace       used 1223K, capacity 4666K, committed 4864K, reserved 1056768K
  class space    used 119K, capacity 426K, committed 512K, reserved 1048576K
}
Event: 0.501 GC heap after
{Heap after GC invocations=6 (full 0):
 garbage-first heap   total 157696K, used 98152K [0x00000000c0000000, 0x0000000100000000)
  region size 1024K, 4 young (4096K), 4 survivors (4096K)
 Metaspace       used 1223K, capacity 4666K, committed 4864K, reserved 1056768K
  class space    used 119K, capacity 426K, committed 512K, reserved 1048576K
}
Event: 0.540 GC heap before
{Heap before GC invocations=6 (full 0):
 garbage-first heap   total 157696K, used 135016K [0x00000000c0000000, 0x0000000100000000)
  region size 1024K, 16 young (16384K), 4 survivors (4096K)
 Metaspace       used 1223K, capacity 4666K, committed 4864K, reserved 1056768K
  class space    used 119K, capacity 426K, committed 512K, reserved 1048576K
}
Event: 0.597 GC heap after
{Heap after GC invocations=7 (full 0):
 garbage-first heap   total 157696K, used 136192K [0x00000000c0000000, 0x0000000100000000)
  region size 1024K, 2 young (2048K), 2 survivors (2048K)
 Metaspace       used 1223K, capacity 4666K, committed 4864K, reserved 1056768K
  class space    used 119K, capacity 426K, committed 512K, reserved 1048576K
}
Event: 0.602 GC heap before
{Heap before GC invocations=8 (full 0):
 garbage-first heap   total 157696K, used 141312K [0x00000000c0000000, 0x0000000100000000)
  region size 1024K, 7 young (7168K), 2 survivors (2048K)
 Metaspace       used 1223K, capacity 4666K, committed 4864K, reserved 1056768K
  class space    used 119K, capacity 426K, committed 512K, reserved 1048576K
}
Event: 0.615 GC heap after
{Heap after GC invocations=9 (full 0):
 garbage-first heap   total 157696K, used 142336K [0x00000000c0000000, 0x0000000100000000)
  region size 1024K, 1 young (1024K), 1 survivors (1024K)
 Metaspace       used 1223K, capacity 4666K, committed 4864K, reserved 1056768K
  class space    used 119K, capacity 426K, committed 512K, reserved 1048576K
}
Event: 0.619 GC heap before
{Heap before GC invocations=9 (full 0):
 garbage-first heap   total 157696K, used 148480K [0x00000000c0000000, 0x0000000100000000)
  region size 1024K, 7 young (7168K), 1 survivors (1024K)
 Metaspace       used 1223K, capacity 4666K, committed 4864K, reserved 1056768K
  class space    used 119K, capacity 426K, committed 512K, reserved 1048576K
}
Event: 0.641 GC heap after
{Heap after GC invocations=10 (full 0):
 garbage-first heap   total 473088K, used 148992K [0x00000000c0000000, 0x0000000100000000)
  region size 1024K, 1 young (1024K), 1 survivors (1024K)
 Metaspace       used 1223K, capacity 4666K, committed 4864K, reserved 1056768K
  class space    used 119K, capacity 426K, committed 512K, reserved 1048576K
}
Event: 0.848 GC heap before
{Heap before GC invocations=10 (full 0):
 garbage-first heap   total 473088K, used 280064K [0x00000000c0000000, 0x0000000100000000)
  region size 1024K, 79 young (80896K), 1 survivors (1024K)
 Metaspace       used 1223K, capacity 4666K, committed 4864K, reserved 1056768K
  class space    used 119K, capacity 426K, committed 512K, reserved 1048576K
}
Event: 0.971 GC heap after
{Heap after GC invocations=11 (full 0):
 garbage-first heap   total 473088K, used 280743K [0x00000000c0000000, 0x0000000100000000)
  region size 1024K, 10 young (10240K), 10 survivors (10240K)
 Metaspace       used 1223K, capacity 4666K, committed 4864K, reserved 1056768K
  class space    used 119K, capacity 426K, committed 512K, reserved 1048576K
}
Event: 1.026 GC heap before
{Heap before GC invocations=11 (full 0):
 garbage-first heap   total 473088K, used 324775K [0x00000000c0000000, 0x0000000100000000)
  region size 1024K, 53 young (54272K), 10 survivors (10240K)
 Metaspace       used 1223K, capacity 4666K, committed 4864K, reserved 1056768K
  class space    used 119K, capacity 426K, committed 512K, reserved 1048576K
}
Event: 1.106 GC heap after
{Heap after GC invocations=12 (full 0):
 garbage-first heap   total 473088K, used 326656K [0x00000000c0000000, 0x0000000100000000)
  region size 1024K, 7 young (7168K), 7 survivors (7168K)
 Metaspace       used 1223K, capacity 4666K, committed 4864K, reserved 1056768K
  class space    used 119K, capacity 426K, committed 512K, reserved 1048576K
}
Event: 1.250 GC heap before
{Heap before GC invocations=12 (full 0):
 garbage-first heap   total 473088K, used 438272K [0x00000000c0000000, 0x0000000100000000)
  region size 1024K, 36 young (36864K), 7 survivors (7168K)
 Metaspace       used 1369K, capacity 4677K, committed 4864K, reserved 1056768K
  class space    used 131K, capacity 431K, committed 512K, reserved 1048576K
}
Event: 1.303 GC heap after
{Heap after GC invocations=13 (full 0):
 garbage-first heap   total 476160K, used 439296K [0x00000000c0000000, 0x0000000100000000)
  region size 1024K, 5 young (5120K), 5 survivors (5120K)
 Metaspace       used 1369K, capacity 4677K, committed 4864K, reserved 1056768K
  class space    used 131K, capacity 431K, committed 512K, reserved 1048576K
}
Event: 1.319 GC heap before
{Heap before GC invocations=14 (full 0):
 garbage-first heap   total 476160K, used 457728K [0x00000000c0000000, 0x0000000100000000)
  region size 1024K, 23 young (23552K), 5 survivors (5120K)
 Metaspace       used 1369K, capacity 4677K, committed 4864K, reserved 1056768K
  class space    used 131K, capacity 431K, committed 512K, reserved 1048576K
}

